{"name": "test_add[TypeError]", "status": "failed", "statusDetails": {"message": "AssertionError: assert \"TypeError: unsupported operand type(s) for +: 'int' and 'str'\" in \"unsupported operand type(s) for +: 'int' and 'str'\"", "trace": "self = <testing.test_calculator.TestCalculator object at 0x0405F6E8>, a = 0, b = 's', addexpect = 0\n\n    @allure.story(\"加法运算测试\")\n    @pytest.mark.parametrize('a,b,addexpect', get_adddatas_calc()[0], ids=get_adddatas_calc()[1])\n    @pytest.mark.add\n    def test_add(self, a, b, addexpect):\n        # calc = calculator()\n        # assert addexpect == self.calc.add(a, b)\n        # assert 2 == self.calc.add(1, 1)\n        if b == 's':\n            with pytest.raises(TypeError) as e1:\n                self.calc.add(a, b)\n    \n            assert e1.type == TypeError\n    \n>           assert f\"TypeError: unsupported operand type(s) for +: 'int' and 'str'\" in e1.value.args[0]\nE           assert \"TypeError: unsupported operand type(s) for +: 'int' and 'str'\" in \"unsupported operand type(s) for +: 'int' and 'str'\"\n\ntesting\\test_calculator.py:49: AssertionError"}, "parameters": [{"name": "a", "value": "0"}, {"name": "b", "value": "'s'"}, {"name": "addexpect", "value": "0"}], "start": 1624037805037, "stop": 1624037805038, "uuid": "c1c698e4-06e9-4d10-803a-4f1fd797e8b8", "historyId": "423324b7d7260e0065fb0aa69efe07a9", "testCaseId": "c0380ad0f93ea623c2328a25b0918ec2", "fullName": "test_calculator.TestCalculator#test_add", "labels": [{"name": "feature", "value": "加法和除法测试"}, {"name": "story", "value": "加法运算测试"}, {"name": "tag", "value": "add"}, {"name": "suite", "value": "test_calculator"}, {"name": "subSuite", "value": "TestCalculator"}, {"name": "host", "value": "QKFZ-888"}, {"name": "thread", "value": "19680-MainThread"}, {"name": "framework", "value": "pytest"}, {"name": "language", "value": "cpython3"}, {"name": "package", "value": "test_calculator"}]}